TN:
SF:app.js
FNF:0
FNH:0
DA:1,1
DA:2,1
DA:4,1
DA:6,1
DA:7,1
DA:9,1
DA:11,1
LF:7
LH:7
BRF:0
BRH:0
end_of_record
TN:
SF:src/dataaccess/SQLAccess.js
FN:4,(anonymous_0)
FN:8,(anonymous_1)
FN:20,(anonymous_2)
FN:26,(anonymous_3)
FN:31,(anonymous_4)
FN:39,(anonymous_5)
FN:47,(anonymous_6)
FN:55,(anonymous_7)
FNF:8
FNH:7
FNDA:3,(anonymous_0)
FNDA:3,(anonymous_1)
FNDA:3,(anonymous_2)
FNDA:4,(anonymous_3)
FNDA:16,(anonymous_4)
FNDA:2,(anonymous_5)
FNDA:0,(anonymous_6)
FNDA:2,(anonymous_7)
DA:1,3
DA:5,3
DA:9,3
DA:10,3
DA:21,3
DA:22,3
DA:27,4
DA:32,16
DA:33,0
DA:35,16
DA:40,2
DA:41,0
DA:43,2
DA:48,0
DA:49,0
DA:51,0
DA:56,2
DA:57,0
DA:59,2
DA:64,3
DA:65,3
LF:21
LH:15
BRDA:9,0,0,3
BRDA:9,0,1,0
BRDA:9,1,0,3
BRDA:9,1,1,0
BRDA:21,2,0,3
BRDA:21,2,1,0
BRDA:32,3,0,0
BRDA:32,3,1,16
BRDA:40,4,0,0
BRDA:40,4,1,2
BRDA:48,5,0,0
BRDA:48,5,1,0
BRDA:56,6,0,0
BRDA:56,6,1,2
BRF:14
BRH:6
end_of_record
TN:
SF:src/dataaccess/UserDataAccess.js
FN:3,(anonymous_0)
FN:12,(anonymous_1)
FNF:2
FNH:2
FNDA:8,(anonymous_0)
FNDA:3,(anonymous_1)
DA:1,2
DA:3,2
DA:4,8
DA:9,8
DA:12,2
DA:13,3
DA:18,3
DA:21,2
LF:8
LH:8
BRF:0
BRH:0
end_of_record
TN:
SF:src/router/UserRouters.js
FNF:0
FNH:0
DA:1,1
DA:2,1
DA:3,1
DA:6,1
DA:8,1
DA:9,1
DA:11,1
LF:7
LH:7
BRF:0
BRH:0
end_of_record
TN:
SF:src/service/UserServices.js
FN:6,(anonymous_0)
FN:20,(anonymous_1)
FNF:2
FNH:2
FNDA:4,(anonymous_0)
FNDA:3,(anonymous_1)
DA:1,1
DA:2,1
DA:4,1
DA:6,1
DA:7,4
DA:8,4
DA:9,4
DA:10,4
DA:11,2
DA:12,2
DA:14,0
DA:16,2
DA:20,1
DA:21,3
DA:22,3
DA:23,3
DA:24,3
DA:25,2
DA:26,2
DA:27,2
DA:28,2
DA:30,2
DA:31,1
DA:36,1
DA:38,1
DA:41,1
DA:44,0
DA:48,1
LF:28
LH:26
BRDA:11,0,0,2
BRDA:11,0,1,0
BRDA:24,1,0,2
BRDA:24,1,1,1
BRDA:30,2,0,1
BRDA:30,2,1,1
BRF:6
BRH:5
end_of_record
TN:
SF:src/validator/UserValidators.js
FN:17,(anonymous_0)
FN:23,(anonymous_1)
FNF:2
FNH:2
FNDA:10,(anonymous_0)
FNDA:3,(anonymous_1)
DA:1,1
DA:3,1
DA:9,1
DA:17,1
DA:18,10
DA:19,10
DA:20,7
DA:22,3
DA:23,3
DA:25,3
DA:30,1
LF:11
LH:11
BRDA:19,0,0,7
BRDA:19,0,1,3
BRF:2
BRH:2
end_of_record
